Logging started 2026-02-13 16:02:14
     2.64 ms : Enabling low frag heap (0.03 ms)
     2.67 ms : Launching splash screen (1.77 ms)
     4.44 ms : Waiting for splash screen (18.52 ms)
    22.96 ms : Waiting for splash screen (15.58 ms)
    38.54 ms : Alloc other stuff (1.74 ms)
    40.28 ms : Loading amisci.dll (11.13 ms)
    51.41 ms : Setting up SEH translator (1.18 ms)
    52.59 ms : Initializing OLE (0.04 ms)
    52.64 ms : Initializing RichEdit (1.24 ms)
    53.88 ms : Checking current working directory (1.14 ms)
    55.02 ms : Loading persistent variables (0.14 ms)
    55.16 ms : Loading MRU lists (4.87 ms)
    60.03 ms : Loading commisison table (0.06 ms)
    60.10 ms : Loading preferences (1.79 ms)
    61.89 ms : Initializing display settings (1.69 ms)
    63.58 ms : Loading old groups and markets (0.44 ms)
    64.03 ms : Loading GICS and ICB (3.02 ms)
    67.05 ms : Loading plugins (420.21 ms)
   487.25 ms : Loading AT interfaces (0.19 ms)
   487.44 ms : Loading AFL function table (2.25 ms)
   489.69 ms : Init chart infos (1.05 ms)
   490.74 ms : Loading parameters (9.33 ms)
   500.07 ms : Loading chart infos (0.71 ms)
   500.78 ms : Loading custom tools (2.06 ms)
   502.85 ms : Allocating lists (0.15 ms)
   503.00 ms : Loading layers and alerts (1.67 ms)
   504.67 ms : Loading miscellaneous data (0.17 ms)
   504.84 ms : Adding MDI templates (4.48 ms)
   509.31 ms : Register OLE server (7.78 ms)
   517.09 ms : Creating main frame object (30.41 ms)
   547.51 ms : Loading main frame (379.83 ms)
   927.33 ms : Parsing command line (0.02 ms)
   927.35 ms : Checking Broker.Document object registration (2.89 ms)
   930.25 ms : Dispatch commands via ProcessShellCommand (0.12 ms)
   930.36 ms : Showing main frame window (1.03 ms)
   931.39 ms : Setting up accelerators (0.47 ms)
   931.86 ms : Loading database (LoadMarketData) (906.73 ms)
  1838.60 ms : Setting active symbol (346.28 ms)
  2184.88 ms : Opening default chart (57.20 ms)
  2242.08 ms : Loading default workspace/layout (32.83 ms)
  2274.91 ms : Closing startup splash screen (async in 1 second) (0.72 ms)
  2275.63 ms : Handling /runbatch command (67.65 ms)
  2343.29 ms : Starting up schedule (0.35 ms)
  2343.64 ms : *InitInstance finished
Logging ended 2026-02-13 16:04:39

